Compiling the CXX compiler identification source file "CMakeCXXCompilerId.cpp" failed.
Compiler: CMAKE_CXX_COMPILER-NOTFOUND 
Build flags: 
Id flags:  

The output was:
No such file or directory


Compiling the CXX compiler identification source file "CMakeCXXCompilerId.cpp" failed.
Compiler: CMAKE_CXX_COMPILER-NOTFOUND 
Build flags: 
Id flags: -c 

The output was:
No such file or directory


Compiling the CXX compiler identification source file "CMakeCXXCompilerId.cpp" failed.
Compiler: CMAKE_CXX_COMPILER-NOTFOUND 
Build flags: 
Id flags: --c++ 

The output was:
No such file or directory


Compiling the CXX compiler identification source file "CMakeCXXCompilerId.cpp" failed.
Compiler: CMAKE_CXX_COMPILER-NOTFOUND 
Build flags: 
Id flags: --ec++ 

The output was:
No such file or directory


Compiling the CXX compiler identification source file "CMakeCXXCompilerId.cpp" failed.
Compiler: CMAKE_CXX_COMPILER-NOTFOUND 
Build flags: 
Id flags: --target=arm-arm-none-eabi;-mcpu=cortex-m3 

The output was:
No such file or directory


Compiling the CXX compiler identification source file "CMakeCXXCompilerId.cpp" failed.
Compiler: CMAKE_CXX_COMPILER-NOTFOUND 
Build flags: 
Id flags:  

The output was:
No such file or directory


Compiling the CXX compiler identification source file "CMakeCXXCompilerId.cpp" failed.
Compiler: CMAKE_CXX_COMPILER-NOTFOUND 
Build flags: 
Id flags: -c 

The output was:
No such file or directory


Compiling the CXX compiler identification source file "CMakeCXXCompilerId.cpp" failed.
Compiler: CMAKE_CXX_COMPILER-NOTFOUND 
Build flags: 
Id flags: --c++ 

The output was:
No such file or directory


Compiling the CXX compiler identification source file "CMakeCXXCompilerId.cpp" failed.
Compiler: CMAKE_CXX_COMPILER-NOTFOUND 
Build flags: 
Id flags: --ec++ 

The output was:
No such file or directory


Compiling the CXX compiler identification source file "CMakeCXXCompilerId.cpp" failed.
Compiler: CMAKE_CXX_COMPILER-NOTFOUND 
Build flags: 
Id flags: --target=arm-arm-none-eabi;-mcpu=cortex-m3 

The output was:
No such file or directory


Compiling the CXX compiler identification source file "CMakeCXXCompilerId.cpp" failed.
Compiler: CMAKE_CXX_COMPILER-NOTFOUND 
Build flags: 
Id flags:  

The output was:
No such file or directory


Compiling the CXX compiler identification source file "CMakeCXXCompilerId.cpp" failed.
Compiler: CMAKE_CXX_COMPILER-NOTFOUND 
Build flags: 
Id flags: -c 

The output was:
No such file or directory


Compiling the CXX compiler identification source file "CMakeCXXCompilerId.cpp" failed.
Compiler: CMAKE_CXX_COMPILER-NOTFOUND 
Build flags: 
Id flags: --c++ 

The output was:
No such file or directory


Compiling the CXX compiler identification source file "CMakeCXXCompilerId.cpp" failed.
Compiler: CMAKE_CXX_COMPILER-NOTFOUND 
Build flags: 
Id flags: --ec++ 

The output was:
No such file or directory


Compiling the CXX compiler identification source file "CMakeCXXCompilerId.cpp" failed.
Compiler: CMAKE_CXX_COMPILER-NOTFOUND 
Build flags: 
Id flags: --target=arm-arm-none-eabi;-mcpu=cortex-m3 

The output was:
No such file or directory


Compiling the CXX compiler identification source file "CMakeCXXCompilerId.cpp" failed.
Compiler: CMAKE_CXX_COMPILER-NOTFOUND 
Build flags: 
Id flags:  

The output was:
No such file or directory


Compiling the CXX compiler identification source file "CMakeCXXCompilerId.cpp" failed.
Compiler: CMAKE_CXX_COMPILER-NOTFOUND 
Build flags: 
Id flags: -c 

The output was:
No such file or directory


Compiling the CXX compiler identification source file "CMakeCXXCompilerId.cpp" failed.
Compiler: CMAKE_CXX_COMPILER-NOTFOUND 
Build flags: 
Id flags: --c++ 

The output was:
No such file or directory


Compiling the CXX compiler identification source file "CMakeCXXCompilerId.cpp" failed.
Compiler: CMAKE_CXX_COMPILER-NOTFOUND 
Build flags: 
Id flags: --ec++ 

The output was:
No such file or directory


Compiling the CXX compiler identification source file "CMakeCXXCompilerId.cpp" failed.
Compiler: CMAKE_CXX_COMPILER-NOTFOUND 
Build flags: 
Id flags: --target=arm-arm-none-eabi;-mcpu=cortex-m3 

The output was:
No such file or directory


Performing C SOURCE FILE Test CMAKE_HAVE_LIBC_PTHREAD failed with the following output:
Change Dir: /mnt/c/Users/a323747/.emacs.d/elpa/libgit-20200515.1759/build/CMakeFiles/CMakeTmp

Run Build Command(s):/usr/bin/make cmTC_99fd4/fast && /usr/bin/make -f CMakeFiles/cmTC_99fd4.dir/build.make CMakeFiles/cmTC_99fd4.dir/build
make[1]: Entering directory '/mnt/c/Users/a323747/.emacs.d/elpa/libgit-20200515.1759/build/CMakeFiles/CMakeTmp'
Building C object CMakeFiles/cmTC_99fd4.dir/src.c.o
/usr/bin/cc   -DCMAKE_HAVE_LIBC_PTHREAD -fPIE   -o CMakeFiles/cmTC_99fd4.dir/src.c.o   -c /mnt/c/Users/a323747/.emacs.d/elpa/libgit-20200515.1759/build/CMakeFiles/CMakeTmp/src.c
Linking C executable cmTC_99fd4
/usr/bin/cmake -E cmake_link_script CMakeFiles/cmTC_99fd4.dir/link.txt --verbose=1
/usr/bin/cc  -DCMAKE_HAVE_LIBC_PTHREAD    CMakeFiles/cmTC_99fd4.dir/src.c.o  -o cmTC_99fd4 
/usr/bin/ld: CMakeFiles/cmTC_99fd4.dir/src.c.o: in function `main':
src.c:(.text+0x46): undefined reference to `pthread_create'
/usr/bin/ld: src.c:(.text+0x52): undefined reference to `pthread_detach'
/usr/bin/ld: src.c:(.text+0x63): undefined reference to `pthread_join'
collect2: error: ld returned 1 exit status
make[1]: *** [CMakeFiles/cmTC_99fd4.dir/build.make:87: cmTC_99fd4] Error 1
make[1]: Leaving directory '/mnt/c/Users/a323747/.emacs.d/elpa/libgit-20200515.1759/build/CMakeFiles/CMakeTmp'
make: *** [Makefile:121: cmTC_99fd4/fast] Error 2


Source file was:
#include <pthread.h>

void* test_func(void* data)
{
  return data;
}

int main(void)
{
  pthread_t thread;
  pthread_create(&thread, NULL, test_func, NULL);
  pthread_detach(thread);
  pthread_join(thread, NULL);
  pthread_atfork(NULL, NULL, NULL);
  pthread_exit(NULL);

  return 0;
}

Determining if the function pthread_create exists in the pthreads failed with the following output:
Change Dir: /mnt/c/Users/a323747/.emacs.d/elpa/libgit-20200515.1759/build/CMakeFiles/CMakeTmp

Run Build Command(s):/usr/bin/make cmTC_1ada3/fast && /usr/bin/make -f CMakeFiles/cmTC_1ada3.dir/build.make CMakeFiles/cmTC_1ada3.dir/build
make[1]: Entering directory '/mnt/c/Users/a323747/.emacs.d/elpa/libgit-20200515.1759/build/CMakeFiles/CMakeTmp'
Building C object CMakeFiles/cmTC_1ada3.dir/CheckFunctionExists.c.o
/usr/bin/cc   -DCHECK_FUNCTION_EXISTS=pthread_create -fPIE   -o CMakeFiles/cmTC_1ada3.dir/CheckFunctionExists.c.o   -c /usr/share/cmake-3.16/Modules/CheckFunctionExists.c
Linking C executable cmTC_1ada3
/usr/bin/cmake -E cmake_link_script CMakeFiles/cmTC_1ada3.dir/link.txt --verbose=1
/usr/bin/cc  -DCHECK_FUNCTION_EXISTS=pthread_create    CMakeFiles/cmTC_1ada3.dir/CheckFunctionExists.c.o  -o cmTC_1ada3  -lpthreads 
/usr/bin/ld: cannot find -lpthreads
collect2: error: ld returned 1 exit status
make[1]: *** [CMakeFiles/cmTC_1ada3.dir/build.make:87: cmTC_1ada3] Error 1
make[1]: Leaving directory '/mnt/c/Users/a323747/.emacs.d/elpa/libgit-20200515.1759/build/CMakeFiles/CMakeTmp'
make: *** [Makefile:121: cmTC_1ada3/fast] Error 2



Performing C SOURCE FILE Test HAVE_STRUCT_STAT_ST_MTIMESPEC failed with the following output:
Change Dir: /mnt/c/Users/a323747/.emacs.d/elpa/libgit-20200515.1759/build/CMakeFiles/CMakeTmp

Run Build Command(s):/usr/bin/make cmTC_4ad5f/fast && /usr/bin/make -f CMakeFiles/cmTC_4ad5f.dir/build.make CMakeFiles/cmTC_4ad5f.dir/build
make[1]: Entering directory '/mnt/c/Users/a323747/.emacs.d/elpa/libgit-20200515.1759/build/CMakeFiles/CMakeTmp'
Building C object CMakeFiles/cmTC_4ad5f.dir/src.c.o
/usr/bin/cc   -DHAVE_STRUCT_STAT_ST_MTIMESPEC -fPIE   -o CMakeFiles/cmTC_4ad5f.dir/src.c.o   -c /mnt/c/Users/a323747/.emacs.d/elpa/libgit-20200515.1759/build/CMakeFiles/CMakeTmp/src.c
/mnt/c/Users/a323747/.emacs.d/elpa/libgit-20200515.1759/build/CMakeFiles/CMakeTmp/src.c: In function ‘main’:
/mnt/c/Users/a323747/.emacs.d/elpa/libgit-20200515.1759/build/CMakeFiles/CMakeTmp/src.c:7:34: error: ‘struct stat’ has no member named ‘st_mtimespec’
    7 |   (void)sizeof(((struct stat *)0)->st_mtimespec);
      |                                  ^~
make[1]: *** [CMakeFiles/cmTC_4ad5f.dir/build.make:66: CMakeFiles/cmTC_4ad5f.dir/src.c.o] Error 1
make[1]: Leaving directory '/mnt/c/Users/a323747/.emacs.d/elpa/libgit-20200515.1759/build/CMakeFiles/CMakeTmp'
make: *** [Makefile:121: cmTC_4ad5f/fast] Error 2


Source file was:

#include <sys/types.h>
#include <sys/stat.h>

int main()
{
  (void)sizeof(((struct stat *)0)->st_mtimespec);
  return 0;
}

Performing C SOURCE FILE Test HAVE_STRUCT_STAT_MTIME_NSEC failed with the following output:
Change Dir: /mnt/c/Users/a323747/.emacs.d/elpa/libgit-20200515.1759/build/CMakeFiles/CMakeTmp

Run Build Command(s):/usr/bin/make cmTC_41163/fast && /usr/bin/make -f CMakeFiles/cmTC_41163.dir/build.make CMakeFiles/cmTC_41163.dir/build
make[1]: Entering directory '/mnt/c/Users/a323747/.emacs.d/elpa/libgit-20200515.1759/build/CMakeFiles/CMakeTmp'
Building C object CMakeFiles/cmTC_41163.dir/src.c.o
/usr/bin/cc   -DHAVE_STRUCT_STAT_MTIME_NSEC -fPIE   -o CMakeFiles/cmTC_41163.dir/src.c.o   -c /mnt/c/Users/a323747/.emacs.d/elpa/libgit-20200515.1759/build/CMakeFiles/CMakeTmp/src.c
/mnt/c/Users/a323747/.emacs.d/elpa/libgit-20200515.1759/build/CMakeFiles/CMakeTmp/src.c: In function ‘main’:
/mnt/c/Users/a323747/.emacs.d/elpa/libgit-20200515.1759/build/CMakeFiles/CMakeTmp/src.c:6:34: error: ‘struct stat’ has no member named ‘st_mtime_nsec’
    6 |   (void)sizeof(((struct stat *)0)->st_mtime_nsec);
      |                                  ^~
make[1]: *** [CMakeFiles/cmTC_41163.dir/build.make:66: CMakeFiles/cmTC_41163.dir/src.c.o] Error 1
make[1]: Leaving directory '/mnt/c/Users/a323747/.emacs.d/elpa/libgit-20200515.1759/build/CMakeFiles/CMakeTmp'
make: *** [Makefile:121: cmTC_41163/fast] Error 2


Source file was:

#include <sys/stat.h>

int main()
{
  (void)sizeof(((struct stat *)0)->st_mtime_nsec);
  return 0;
}

Performing C SOURCE FILE Test IS_WDOCUMENTATION_SUPPORTED failed with the following output:
Change Dir: /mnt/c/Users/a323747/.emacs.d/elpa/libgit-20200515.1759/build/CMakeFiles/CMakeTmp

Run Build Command(s):/usr/bin/make cmTC_67608/fast && /usr/bin/make -f CMakeFiles/cmTC_67608.dir/build.make CMakeFiles/cmTC_67608.dir/build
make[1]: Entering directory '/mnt/c/Users/a323747/.emacs.d/elpa/libgit-20200515.1759/build/CMakeFiles/CMakeTmp'
Building C object CMakeFiles/cmTC_67608.dir/src.c.o
/usr/bin/cc   -D_GNU_SOURCE  -Wall -Wextra -DIS_WDOCUMENTATION_SUPPORTED -fPIE   -Wdocumentation -o CMakeFiles/cmTC_67608.dir/src.c.o   -c /mnt/c/Users/a323747/.emacs.d/elpa/libgit-20200515.1759/build/CMakeFiles/CMakeTmp/src.c
cc: error: unrecognized command line option '-Wdocumentation'
make[1]: *** [CMakeFiles/cmTC_67608.dir/build.make:66: CMakeFiles/cmTC_67608.dir/src.c.o] Error 1
make[1]: Leaving directory '/mnt/c/Users/a323747/.emacs.d/elpa/libgit-20200515.1759/build/CMakeFiles/CMakeTmp'
make: *** [Makefile:121: cmTC_67608/fast] Error 2


Source file was:
int main(void) { return 0; }
Determining if the prototype qsort_r exists for HAVE_QSORT_R_BSD failed with the following output:
Change Dir: /mnt/c/Users/a323747/.emacs.d/elpa/libgit-20200515.1759/build/CMakeFiles/CMakeTmp

Run Build Command(s):/usr/bin/make cmTC_531cb/fast && /usr/bin/make -f CMakeFiles/cmTC_531cb.dir/build.make CMakeFiles/cmTC_531cb.dir/build
make[1]: Entering directory '/mnt/c/Users/a323747/.emacs.d/elpa/libgit-20200515.1759/build/CMakeFiles/CMakeTmp'
Building C object CMakeFiles/cmTC_531cb.dir/CheckPrototypeDefinition.c.o
/usr/bin/cc   -D_GNU_SOURCE  -Wall -Wextra -Wno-missing-field-initializers -Wstrict-aliasing -Wstrict-prototypes -Wdeclaration-after-statement -Wshift-count-overflow -Wunused-const-variable -Wunused-function -Wint-conversion -Wformat -Wformat-security  -fPIE   -o CMakeFiles/cmTC_531cb.dir/CheckPrototypeDefinition.c.o   -c /mnt/c/Users/a323747/.emacs.d/elpa/libgit-20200515.1759/build/CMakeFiles/CMakeTmp/CheckPrototypeDefinition.c
/mnt/c/Users/a323747/.emacs.d/elpa/libgit-20200515.1759/build/CMakeFiles/CMakeTmp/CheckPrototypeDefinition.c:14:6: error: conflicting types for ‘qsort_r’
   14 | void qsort_r(void *base, size_t nmemb, size_t size, void *thunk, int (*compar)(void *, const void *, const void *)) {
      |      ^~~~~~~
In file included from /mnt/c/Users/a323747/.emacs.d/elpa/libgit-20200515.1759/build/CMakeFiles/CMakeTmp/CheckPrototypeDefinition.c:1:
/usr/include/stdlib.h:833:13: note: previous declaration of ‘qsort_r’ was here
  833 | extern void qsort_r (void *__base, size_t __nmemb, size_t __size,
      |             ^~~~~~~
/mnt/c/Users/a323747/.emacs.d/elpa/libgit-20200515.1759/build/CMakeFiles/CMakeTmp/CheckPrototypeDefinition.c: In function ‘qsort_r’:
/mnt/c/Users/a323747/.emacs.d/elpa/libgit-20200515.1759/build/CMakeFiles/CMakeTmp/CheckPrototypeDefinition.c:14:20: warning: unused parameter ‘base’ [-Wunused-parameter]
   14 | void qsort_r(void *base, size_t nmemb, size_t size, void *thunk, int (*compar)(void *, const void *, const void *)) {
      |              ~~~~~~^~~~
/mnt/c/Users/a323747/.emacs.d/elpa/libgit-20200515.1759/build/CMakeFiles/CMakeTmp/CheckPrototypeDefinition.c:14:33: warning: unused parameter ‘nmemb’ [-Wunused-parameter]
   14 | void qsort_r(void *base, size_t nmemb, size_t size, void *thunk, int (*compar)(void *, const void *, const void *)) {
      |                          ~~~~~~~^~~~~
/mnt/c/Users/a323747/.emacs.d/elpa/libgit-20200515.1759/build/CMakeFiles/CMakeTmp/CheckPrototypeDefinition.c:14:47: warning: unused parameter ‘size’ [-Wunused-parameter]
   14 | void qsort_r(void *base, size_t nmemb, size_t size, void *thunk, int (*compar)(void *, const void *, const void *)) {
      |                                        ~~~~~~~^~~~
/mnt/c/Users/a323747/.emacs.d/elpa/libgit-20200515.1759/build/CMakeFiles/CMakeTmp/CheckPrototypeDefinition.c:14:59: warning: unused parameter ‘thunk’ [-Wunused-parameter]
   14 | void qsort_r(void *base, size_t nmemb, size_t size, void *thunk, int (*compar)(void *, const void *, const void *)) {
      |                                                     ~~~~~~^~~~~
/mnt/c/Users/a323747/.emacs.d/elpa/libgit-20200515.1759/build/CMakeFiles/CMakeTmp/CheckPrototypeDefinition.c:14:72: warning: unused parameter ‘compar’ [-Wunused-parameter]
   14 | void qsort_r(void *base, size_t nmemb, size_t size, void *thunk, int (*compar)(void *, const void *, const void *)) {
      |                                                                  ~~~~~~^~~~~~~~~~~~~~~~~~~~~~~~~~~~~~~~~~~~~~~~~~~
make[1]: *** [CMakeFiles/cmTC_531cb.dir/build.make:66: CMakeFiles/cmTC_531cb.dir/CheckPrototypeDefinition.c.o] Error 1
make[1]: Leaving directory '/mnt/c/Users/a323747/.emacs.d/elpa/libgit-20200515.1759/build/CMakeFiles/CMakeTmp'
make: *** [Makefile:121: cmTC_531cb/fast] Error 2



#include <stdlib.h>


static void cmakeRequireSymbol(int dummy, ...) {
  (void) dummy;
}

static void checkSymbol(void) {
#ifndef qsort_r
  cmakeRequireSymbol(0, &qsort_r);
#endif
}

void qsort_r(void *base, size_t nmemb, size_t size, void *thunk, int (*compar)(void *, const void *, const void *)) {
  return ;
}

#ifdef __CLASSIC_C__
int main() {
  int ac;
  char*av[];
#else
int main(int ac, char *av[]) {
#endif
  checkSymbol();
  if (ac > 1000) {
    return *av[0];
  }
  return 0;
}


Determining if the function qsort_s exists failed with the following output:
Change Dir: /mnt/c/Users/a323747/.emacs.d/elpa/libgit-20200515.1759/build/CMakeFiles/CMakeTmp

Run Build Command(s):/usr/bin/make cmTC_f3302/fast && /usr/bin/make -f CMakeFiles/cmTC_f3302.dir/build.make CMakeFiles/cmTC_f3302.dir/build
make[1]: Entering directory '/mnt/c/Users/a323747/.emacs.d/elpa/libgit-20200515.1759/build/CMakeFiles/CMakeTmp'
Building C object CMakeFiles/cmTC_f3302.dir/CheckFunctionExists.c.o
/usr/bin/cc   -D_GNU_SOURCE  -Wall -Wextra -Wno-missing-field-initializers -Wstrict-aliasing -Wstrict-prototypes -Wdeclaration-after-statement -Wshift-count-overflow -Wunused-const-variable -Wunused-function -Wint-conversion -Wformat -Wformat-security -DCHECK_FUNCTION_EXISTS=qsort_s -fPIE   -o CMakeFiles/cmTC_f3302.dir/CheckFunctionExists.c.o   -c /usr/share/cmake-3.16/Modules/CheckFunctionExists.c
Linking C executable cmTC_f3302
/usr/bin/cmake -E cmake_link_script CMakeFiles/cmTC_f3302.dir/link.txt --verbose=1
/usr/bin/cc -D_GNU_SOURCE  -Wall -Wextra -Wno-missing-field-initializers -Wstrict-aliasing -Wstrict-prototypes -Wdeclaration-after-statement -Wshift-count-overflow -Wunused-const-variable -Wunused-function -Wint-conversion -Wformat -Wformat-security -DCHECK_FUNCTION_EXISTS=qsort_s    CMakeFiles/cmTC_f3302.dir/CheckFunctionExists.c.o  -o cmTC_f3302 
/usr/bin/ld: CMakeFiles/cmTC_f3302.dir/CheckFunctionExists.c.o: in function `main':
CheckFunctionExists.c:(.text+0x14): undefined reference to `qsort_s'
collect2: error: ld returned 1 exit status
make[1]: *** [CMakeFiles/cmTC_f3302.dir/build.make:87: cmTC_f3302] Error 1
make[1]: Leaving directory '/mnt/c/Users/a323747/.emacs.d/elpa/libgit-20200515.1759/build/CMakeFiles/CMakeTmp'
make: *** [Makefile:121: cmTC_f3302/fast] Error 2



